生成启动时间为 2018/5/1 23:38:47。
     1>项目“I:\Code\MyCode\lottery_7xc\lottery_7xc\lottery_7xc.vcxproj”在节点 2 上(build 个目标)。
     1>C:\Program Files (x86)\MSBuild\Microsoft.Cpp\v4.0\Microsoft.CppBuild.targets(299,5): warning MSB8004: Output 目录未以斜杠结尾。此生成实例将添加斜杠，因为必须有这个斜杠才能正确计算 Output 目录。
         正在创建目录“../bin\”。
     1>InitializeBuildStatus:
         正在创建“Release\lottery_7xc.unsuccessfulbuild”，因为已指定“AlwaysCreate”。
       ClCompile:
         C:\Program Files (x86)\Microsoft Visual Studio 10.0\VC\bin\CL.exe /c /Zi /nologo /W3 /WX- /O2 /Oi /Oy- /GL /D WIN32 /D NDEBUG /D _CONSOLE /D _UNICODE /D UNICODE /Gm- /EHsc /MD /GS /Gy /fp:precise /Zc:wchar_t /Zc:forScope /Yc"StdAfx.h" /Fp"Release\lottery_7xc.pch" /Fo"Release\\" /Fd"Release\vc100.pdb" /Gd /TP /analyze- /errorReport:prompt stdafx.cpp
         stdafx.cpp
         C:\Program Files (x86)\Microsoft Visual Studio 10.0\VC\bin\CL.exe /c /Zi /nologo /W3 /WX- /O2 /Oi /Oy- /GL /D WIN32 /D NDEBUG /D _CONSOLE /D _UNICODE /D UNICODE /Gm- /EHsc /MD /GS /Gy /fp:precise /Zc:wchar_t /Zc:forScope /Yu"StdAfx.h" /Fp"Release\lottery_7xc.pch" /Fo"Release\\" /Fd"Release\vc100.pdb" /Gd /TP /analyze- /errorReport:prompt GlobalFunc.cpp IniFile.cpp IntervalRateOparetor.cpp LotteryFiler.cpp LotteryNetworkUpdater.cpp lottery_7xc.cpp Oparetor.cpp QxcLottery.cpp RateOparetor.cpp
         GlobalFunc.cpp
     1>C:\Program Files (x86)\Microsoft Visual Studio 10.0\VC\include\cstdio(48): warning C4995: “gets”: 名称被标记为 #pragma deprecated
     1>C:\Program Files (x86)\Microsoft Visual Studio 10.0\VC\include\cstdio(52): warning C4995: “sprintf”: 名称被标记为 #pragma deprecated
     1>C:\Program Files (x86)\Microsoft Visual Studio 10.0\VC\include\cstdio(55): warning C4995: “vsprintf”: 名称被标记为 #pragma deprecated
     1>C:\Program Files (x86)\Microsoft Visual Studio 10.0\VC\include\cstring(21): warning C4995: “strcat”: 名称被标记为 #pragma deprecated
     1>C:\Program Files (x86)\Microsoft Visual Studio 10.0\VC\include\cstring(22): warning C4995: “strcpy”: 名称被标记为 #pragma deprecated
     1>C:\Program Files (x86)\Microsoft Visual Studio 10.0\VC\include\cwchar(30): warning C4995: “swprintf”: 名称被标记为 #pragma deprecated
     1>C:\Program Files (x86)\Microsoft Visual Studio 10.0\VC\include\cwchar(31): warning C4995: “vswprintf”: 名称被标记为 #pragma deprecated
     1>C:\Program Files (x86)\Microsoft Visual Studio 10.0\VC\include\cwchar(33): warning C4995: “wcscat”: 名称被标记为 #pragma deprecated
     1>C:\Program Files (x86)\Microsoft Visual Studio 10.0\VC\include\cwchar(35): warning C4995: “wcscpy”: 名称被标记为 #pragma deprecated
     1>C:\Program Files (x86)\Microsoft Visual Studio 10.0\VC\include\intrin.h(1087): warning C4995: “wcscat”: 名称被标记为 #pragma deprecated
     1>C:\Program Files (x86)\Microsoft Visual Studio 10.0\VC\include\intrin.h(1089): warning C4995: “wcscpy”: 名称被标记为 #pragma deprecated
     1>C:\Program Files (x86)\Microsoft Visual Studio 10.0\VC\include\string(757): warning C4995: “swprintf”: 名称被标记为 #pragma deprecated
     1>C:\Program Files (x86)\Microsoft Visual Studio 10.0\VC\include\string(766): warning C4995: “swprintf”: 名称被标记为 #pragma deprecated
     1>C:\Program Files (x86)\Microsoft Visual Studio 10.0\VC\include\string(775): warning C4995: “swprintf”: 名称被标记为 #pragma deprecated
         IniFile.cpp
     1>IniFile.cpp(88): warning C4996: 'itoa': The POSIX name for this item is deprecated. Instead, use the ISO C++ conformant name: _itoa. See online help for details.
                 C:\Program Files (x86)\Microsoft Visual Studio 10.0\VC\include\stdlib.h(867) : 参见“itoa”的声明
         IntervalRateOparetor.cpp
         LotteryFiler.cpp
     1>C:\Program Files (x86)\Microsoft Visual Studio 10.0\VC\include\intrin.h(1087): warning C4995: “wcscat”: 名称被标记为 #pragma deprecated
     1>C:\Program Files (x86)\Microsoft Visual Studio 10.0\VC\include\intrin.h(1089): warning C4995: “wcscpy”: 名称被标记为 #pragma deprecated
     1>LotteryFiler.cpp(42): warning C4996: '_itow': This function or variable may be unsafe. Consider using _itow_s instead. To disable deprecation, use _CRT_SECURE_NO_WARNINGS. See online help for details.
                 C:\Program Files (x86)\Microsoft Visual Studio 10.0\VC\include\wchar.h(866) : 参见“_itow”的声明
         LotteryNetworkUpdater.cpp
         lottery_7xc.cpp
     1>lottery_7xc.cpp(41): warning C4996: 'gets': This function or variable may be unsafe. Consider using gets_s instead. To disable deprecation, use _CRT_SECURE_NO_WARNINGS. See online help for details.
                 C:\Program Files (x86)\Microsoft Visual Studio 10.0\VC\include\stdio.h(277) : 参见“gets”的声明
     1>lottery_7xc.cpp(54): warning C4996: 'getch': The POSIX name for this item is deprecated. Instead, use the ISO C++ conformant name: _getch. See online help for details.
                 C:\Program Files (x86)\Microsoft Visual Studio 10.0\VC\include\conio.h(128) : 参见“getch”的声明
         Oparetor.cpp
         QxcLottery.cpp
         RateOparetor.cpp
     1>RateOparetor.cpp(176): warning C4018: “<”: 有符号/无符号不匹配
     1>RateOparetor.cpp(179): warning C4018: “<”: 有符号/无符号不匹配
       Link:
         C:\Program Files (x86)\Microsoft Visual Studio 10.0\VC\bin\link.exe /ERRORREPORT:PROMPT /OUT:"../bin\lottery_7xc.exe" /INCREMENTAL:NO /NOLOGO kernel32.lib user32.lib gdi32.lib winspool.lib comdlg32.lib advapi32.lib shell32.lib ole32.lib oleaut32.lib uuid.lib odbc32.lib odbccp32.lib /MANIFEST /ManifestFile:"Release\lottery_7xc.exe.intermediate.manifest" /MANIFESTUAC:"level='asInvoker' uiAccess='false'" /DEBUG /PDB:"I:\Code\MyCode\lottery_7xc\bin\lottery_7xc.pdb" /SUBSYSTEM:CONSOLE /OPT:REF /OPT:ICF /LTCG /TLBID:1 /DYNAMICBASE /NXCOMPAT /IMPLIB:"../bin\lottery_7xc.lib" /MACHINE:X86 Release\GlobalFunc.obj
         Release\IniFile.obj
         Release\IntervalRateOparetor.obj
         Release\LotteryFiler.obj
         Release\LotteryNetworkUpdater.obj
         Release\lottery_7xc.obj
         Release\Oparetor.obj
         Release\QxcLottery.obj
         Release\RateOparetor.obj
         Release\stdafx.obj
         正在生成代码
         已完成代码的生成
         lottery_7xc.vcxproj -> I:\Code\MyCode\lottery_7xc\lottery_7xc\../bin\lottery_7xc.exe
       Manifest:
         C:\Program Files (x86)\Microsoft SDKs\Windows\v7.0A\bin\mt.exe /nologo /verbose /outputresource:"../bin\lottery_7xc.exe;#1" /manifest Release\lottery_7xc.exe.intermediate.manifest
       FinalizeBuildStatus:
         正在删除文件“Release\lottery_7xc.unsuccessfulbuild”。
         正在对“Release\lottery_7xc.lastbuildstate”执行 Touch 任务。
     1>已完成生成项目“I:\Code\MyCode\lottery_7xc\lottery_7xc\lottery_7xc.vcxproj”(build 个目标)的操作。

生成成功。

已用时间 00:00:05.58
